<?xml version="1.0" encoding="UTF-8"?>
<testng-results ignored="0" total="1" passed="1" failed="0" skipped="0">
  <reporter-output>
  </reporter-output>
  <suite started-at="2025-08-03T23:30:42 IST" name="Suite" finished-at="2025-08-03T23:31:09 IST" duration-ms="27204">
    <groups>
    </groups>
    <test started-at="2025-08-03T23:30:42 IST" name="Test" finished-at="2025-08-03T23:31:09 IST" duration-ms="27204">
      <class name="com.mystore.testcases.TC_MyAccountPage">
        <test-method is-config="true" signature="setup()[pri:0, instance:com.mystore.testcases.TC_MyAccountPage@3fc2959f]" started-at="2025-08-03T23:30:42 IST" name="setup" finished-at="2025-08-03T23:30:49 IST" duration-ms="6712" status="PASS">
          <reporter-output>
          </reporter-output>
        </test-method> <!-- setup -->
        <test-method signature="verifyRegistrationAndLogin()[pri:0, instance:com.mystore.testcases.TC_MyAccountPage@3fc2959f]" started-at="2025-08-03T23:30:49 IST" name="verifyRegistrationAndLogin" finished-at="2025-08-03T23:31:09 IST" duration-ms="20411" status="PASS">
          <reporter-output>
          </reporter-output>
        </test-method> <!-- verifyRegistrationAndLogin -->
        <test-method is-config="true" signature="tearDown()[pri:0, instance:com.mystore.testcases.TC_MyAccountPage@3fc2959f]" started-at="2025-08-03T23:31:09 IST" name="tearDown" finished-at="2025-08-03T23:31:09 IST" duration-ms="1" status="PASS">
          <reporter-output>
          </reporter-output>
        </test-method> <!-- tearDown -->
      </class> <!-- com.mystore.testcases.TC_MyAccountPage -->
    </test> <!-- Test -->
  </suite> <!-- Suite -->
</testng-results>
